<?xml version="1.0" encoding="UTF-8"?>
<!-- Generated by org.testng.reporters.JUnitReportReporter -->
<testsuite hostname="LAPTOP-R29MUJG7" failures="0" tests="4" name="testscript.LoginTest" time="17.609" errors="0" timestamp="2026-03-26T11:26:04 GMT" skipped="0">
  <testcase classname="testscript.LoginTest" name="verifyTheUserIsAbleToLoginWithValidCredentials" time="5.760"/>
  <system-out/>
  <testcase classname="testscript.LoginTest" name="verifyTheUserIsAbleToLoginWithValidCredentials" time="4.233"/>
  <system-out/>
  <testcase classname="testscript.LoginTest" name="verifyTheUserIsAbleToLoginWithInvalidUserName" time="3.796"/>
  <system-out/>
  <testcase classname="testscript.LoginTest" name="verifyTheUserIsAbleToLoginWithInvalidUserName" time="3.820"/>
  <system-out/>
</testsuite> <!-- testscript.LoginTest -->
