<?xml version="1.0" encoding="UTF-8"?>
<!-- Generated by org.testng.reporters.JUnitXMLReporter -->
<testsuite ignored="2" hostname="LAPTOP-R29MUJG7" failures="0" tests="2" name="EdgeTest" time="8.062" errors="0" timestamp="2026-03-26T11:26:04 GMT">
  <testcase classname="testscript.LoginTest" name="verifyTheUserIsAbleToLoginWithValidCredentials" time="1.086"/>
  <testcase classname="testscript.LoginTest" name="verifyTheUserIsAbleToLoginWithInvalidUserName" time="0.689"/>
  <testcase classname="testscript.LoginTest" name="verifyTheUserIsAbleToLoginWithInvalidUserNameAndPassword" time="0.0">
    <ignored/>
  </testcase> <!-- verifyTheUserIsAbleToLoginWithInvalidUserNameAndPassword -->
  <testcase classname="testscript.LoginTest" name="verifyTheUserIsAbleToLoginWithInvalidPassword" time="0.0">
    <ignored/>
  </testcase> <!-- verifyTheUserIsAbleToLoginWithInvalidPassword -->
</testsuite> <!-- EdgeTest -->
