<?xml version="1.0" encoding="UTF-8"?>
<!-- Generated by org.testng.reporters.JUnitXMLReporter -->
<testsuite ignored="0" hostname="LAPTOP-R29MUJG7" failures="3" tests="10" name="Test" time="56.421" errors="0" timestamp="2026-03-26T11:24:23 GMT">
  <testcase classname="testscript.LoginTest" name="verifyTheUserIsAbleToLoginWithValidCredentials" time="2.061"/>
  <testcase classname="testscript.LoginTest" name="verifyTheUserIsAbleToLoginWithInvalidUserName" time="0.621"/>
  <testcase classname="testscript.LoginTest" name="verifyTheUserIsAbleToLoginWithInvalidPassword" time="0.55"/>
  <testcase classname="testscript.LoginTest" name="verifyTheUserIsAbleToLoginWithInvalidUserNameAndPassword" time="0.702"/>
  <testcase classname="testscript.AdminUserTest" name="verifyTheUserIsAbleToCreateAdminUserDetails" time="7.471">
    <failure type="org.openqa.selenium.NoSuchElementException" message="no such element: Unable to locate element: {&amp;quot;method&amp;quot;:&amp;quot;xpath&amp;quot;,&amp;quot;selector&amp;quot;:&amp;quot;//div[@class=&amp;apos;alert alert-success alert-dismissible&amp;apos;]&amp;quot;}
  (Session info: chrome=145.0.7632.160)
For documentation on this error, please visit: https://www.selenium.dev/documentation/webdriver/troubleshooting/errors#nosuchelementexception
Build info: version: &amp;apos;4.38.0&amp;apos;, revision: &amp;apos;6b412e825c*&amp;apos;
System info: os.name: &amp;apos;Windows 11&amp;apos;, os.arch: &amp;apos;amd64&amp;apos;, os.version: &amp;apos;10.0&amp;apos;, java.version: &amp;apos;17.0.5&amp;apos;
Driver info: org.openqa.selenium.chrome.ChromeDriver
Command: [6b7cd3153c239ed3ff58a36d420c1bd4, findElement {value=//div[@class=&amp;apos;alert alert-success alert-dismissible&amp;apos;], using=xpath}]
Capabilities {acceptInsecureCerts: false, browserName: chrome, browserVersion: 145.0.7632.160, chrome: {chromedriverVersion: 145.0.7632.117 (de4e5d6e13b..., userDataDir: C:\Users\RACHANA\AppData\Lo...}, fedcm:accounts: true, goog:chromeOptions: {debuggerAddress: localhost:55093}, goog:processID: 73736, networkConnectionEnabled: false, pageLoadStrategy: normal, platformName: windows, proxy: Proxy(), se:cdp: ws://localhost:55093/devtoo..., se:cdpVersion: 145.0.7632.160, setWindowRect: true, strictFileInteractability: false, timeouts: {implicit: 0, pageLoad: 300000, script: 30000}, unhandledPromptBehavior: dismiss and notify, webauthn:extension:credBlob: true, webauthn:extension:largeBlob: true, webauthn:extension:minPinLength: true, webauthn:extension:prf: true, webauthn:virtualAuthenticators: true}
Session ID: 6b7cd3153c239ed3ff58a36d420c1bd4">
      <![CDATA[org.openqa.selenium.NoSuchElementException: no such element: Unable to locate element: {"method":"xpath","selector":"//div[@class='alert alert-success alert-dismissible']"}
  (Session info: chrome=145.0.7632.160)
For documentation on this error, please visit: https://www.selenium.dev/documentation/webdriver/troubleshooting/errors#nosuchelementexception
Build info: version: '4.38.0', revision: '6b412e825c*'
System info: os.name: 'Windows 11', os.arch: 'amd64', os.version: '10.0', java.version: '17.0.5'
Driver info: org.openqa.selenium.chrome.ChromeDriver
Command: [6b7cd3153c239ed3ff58a36d420c1bd4, findElement {value=//div[@class='alert alert-success alert-dismissible'], using=xpath}]
Capabilities {acceptInsecureCerts: false, browserName: chrome, browserVersion: 145.0.7632.160, chrome: {chromedriverVersion: 145.0.7632.117 (de4e5d6e13b..., userDataDir: C:\Users\RACHANA\AppData\Lo...}, fedcm:accounts: true, goog:chromeOptions: {debuggerAddress: localhost:55093}, goog:processID: 73736, networkConnectionEnabled: false, pageLoadStrategy: normal, platformName: windows, proxy: Proxy(), se:cdp: ws://localhost:55093/devtoo..., se:cdpVersion: 145.0.7632.160, setWindowRect: true, strictFileInteractability: false, timeouts: {implicit: 0, pageLoad: 300000, script: 30000}, unhandledPromptBehavior: dismiss and notify, webauthn:extension:credBlob: true, webauthn:extension:largeBlob: true, webauthn:extension:minPinLength: true, webauthn:extension:prf: true, webauthn:virtualAuthenticators: true}
Session ID: 6b7cd3153c239ed3ff58a36d420c1bd4
at org.openqa.selenium.remote.ErrorCodec.decode(ErrorCodec.java:167)
at org.openqa.selenium.remote.codec.w3c.W3CHttpResponseCodec.decode(W3CHttpResponseCodec.java:138)
at org.openqa.selenium.remote.codec.w3c.W3CHttpResponseCodec.decode(W3CHttpResponseCodec.java:50)
at org.openqa.selenium.remote.HttpCommandExecutor.execute(HttpCommandExecutor.java:215)
at org.openqa.selenium.remote.service.DriverCommandExecutor.invokeExecute(DriverCommandExecutor.java:216)
at org.openqa.selenium.remote.service.DriverCommandExecutor.execute(DriverCommandExecutor.java:174)
at org.openqa.selenium.remote.RemoteWebDriver.execute(RemoteWebDriver.java:557)
at org.openqa.selenium.remote.ElementLocation$ElementFinder$2.findElement(ElementLocation.java:165)
at org.openqa.selenium.remote.ElementLocation.findElement(ElementLocation.java:59)
at org.openqa.selenium.remote.RemoteWebDriver.findElement(RemoteWebDriver.java:380)
at org.openqa.selenium.remote.RemoteWebDriver.findElement(RemoteWebDriver.java:374)
at org.openqa.selenium.support.pagefactory.DefaultElementLocator.findElement(DefaultElementLocator.java:68)
at org.openqa.selenium.support.pagefactory.internal.LocatingElementHandler.invoke(LocatingElementHandler.java:38)
at jdk.proxy2/jdk.proxy2.$Proxy14.isDisplayed(Unknown Source)
at pages.AdminUserPage.isAlertDisplayed(AdminUserPage.java:87)
at testscript.AdminUserTest.verifyTheUserIsAbleToCreateAdminUserDetails(AdminUserTest.java:54)
at java.base/java.util.ArrayList.forEach(ArrayList.java:1511)
... Removed 32 stack frames]]>
    </failure>
  </testcase> <!-- verifyTheUserIsAbleToCreateAdminUserDetails -->
  <testcase classname="testscript.LogoutTest" name="verifyTheUserIsAbleToLogout" time="1.761"/>
  <testcase classname="testscript.ManageCategoryTest" name="verifyTheUserIsAbleToCreateAdminUserDetails" time="2.073">
    <failure type="org.openqa.selenium.ElementClickInterceptedException" message="element click intercepted: Element is not clickable at point (382, 575)
  (Session info: chrome=145.0.7632.160)
Build info: version: &amp;apos;4.38.0&amp;apos;, revision: &amp;apos;6b412e825c*&amp;apos;
System info: os.name: &amp;apos;Windows 11&amp;apos;, os.arch: &amp;apos;amd64&amp;apos;, os.version: &amp;apos;10.0&amp;apos;, java.version: &amp;apos;17.0.5&amp;apos;
Driver info: org.openqa.selenium.chrome.ChromeDriver
Command: [c3012d2105bbbfff8e7f9d33e953e218, clickElement {id=f.A0DDAD6AD0B712B65FFA90DEA4D0EB41.d.0326592813E7241D29CEBB1DE559D84F.e.22}]
Capabilities {acceptInsecureCerts: false, browserName: chrome, browserVersion: 145.0.7632.160, chrome: {chromedriverVersion: 145.0.7632.117 (de4e5d6e13b..., userDataDir: C:\Users\RACHANA\AppData\Lo...}, fedcm:accounts: true, goog:chromeOptions: {debuggerAddress: localhost:57607}, goog:processID: 54460, networkConnectionEnabled: false, pageLoadStrategy: normal, platformName: windows, proxy: Proxy(), se:cdp: ws://localhost:57607/devtoo..., se:cdpVersion: 145.0.7632.160, setWindowRect: true, strictFileInteractability: false, timeouts: {implicit: 0, pageLoad: 300000, script: 30000}, unhandledPromptBehavior: dismiss and notify, webauthn:extension:credBlob: true, webauthn:extension:largeBlob: true, webauthn:extension:minPinLength: true, webauthn:extension:prf: true, webauthn:virtualAuthenticators: true}
Element: [[ChromeDriver: chrome on windows (c3012d2105bbbfff8e7f9d33e953e218)] -&amp;gt; xpath: //p[normalize-space()=&amp;apos;Manage Category&amp;apos;]/ancestor::div[contains(@class,&amp;apos;small-box&amp;apos;)]//a]
Session ID: c3012d2105bbbfff8e7f9d33e953e218">
      <![CDATA[org.openqa.selenium.ElementClickInterceptedException: element click intercepted: Element is not clickable at point (382, 575)
  (Session info: chrome=145.0.7632.160)
Build info: version: '4.38.0', revision: '6b412e825c*'
System info: os.name: 'Windows 11', os.arch: 'amd64', os.version: '10.0', java.version: '17.0.5'
Driver info: org.openqa.selenium.chrome.ChromeDriver
Command: [c3012d2105bbbfff8e7f9d33e953e218, clickElement {id=f.A0DDAD6AD0B712B65FFA90DEA4D0EB41.d.0326592813E7241D29CEBB1DE559D84F.e.22}]
Capabilities {acceptInsecureCerts: false, browserName: chrome, browserVersion: 145.0.7632.160, chrome: {chromedriverVersion: 145.0.7632.117 (de4e5d6e13b..., userDataDir: C:\Users\RACHANA\AppData\Lo...}, fedcm:accounts: true, goog:chromeOptions: {debuggerAddress: localhost:57607}, goog:processID: 54460, networkConnectionEnabled: false, pageLoadStrategy: normal, platformName: windows, proxy: Proxy(), se:cdp: ws://localhost:57607/devtoo..., se:cdpVersion: 145.0.7632.160, setWindowRect: true, strictFileInteractability: false, timeouts: {implicit: 0, pageLoad: 300000, script: 30000}, unhandledPromptBehavior: dismiss and notify, webauthn:extension:credBlob: true, webauthn:extension:largeBlob: true, webauthn:extension:minPinLength: true, webauthn:extension:prf: true, webauthn:virtualAuthenticators: true}
Element: [[ChromeDriver: chrome on windows (c3012d2105bbbfff8e7f9d33e953e218)] -> xpath: //p[normalize-space()='Manage Category']/ancestor::div[contains(@class,'small-box')]//a]
Session ID: c3012d2105bbbfff8e7f9d33e953e218
at org.openqa.selenium.remote.ErrorCodec.decode(ErrorCodec.java:167)
at org.openqa.selenium.remote.codec.w3c.W3CHttpResponseCodec.decode(W3CHttpResponseCodec.java:138)
at org.openqa.selenium.remote.codec.w3c.W3CHttpResponseCodec.decode(W3CHttpResponseCodec.java:50)
at org.openqa.selenium.remote.HttpCommandExecutor.execute(HttpCommandExecutor.java:215)
at org.openqa.selenium.remote.service.DriverCommandExecutor.invokeExecute(DriverCommandExecutor.java:216)
at org.openqa.selenium.remote.service.DriverCommandExecutor.execute(DriverCommandExecutor.java:174)
at org.openqa.selenium.remote.RemoteWebDriver.execute(RemoteWebDriver.java:557)
at org.openqa.selenium.remote.RemoteWebElement.execute(RemoteWebElement.java:223)
at org.openqa.selenium.remote.RemoteWebElement.click(RemoteWebElement.java:76)
at org.openqa.selenium.support.pagefactory.internal.LocatingElementHandler.invoke(LocatingElementHandler.java:51)
at jdk.proxy2/jdk.proxy2.$Proxy14.click(Unknown Source)
at pages.HomePage.ManageCategorymoreinfo(HomePage.java:54)
at testscript.ManageCategoryTest.verifyTheUserIsAbleToCreateAdminUserDetails(ManageCategoryTest.java:34)
at java.base/java.util.ArrayList.forEach(ArrayList.java:1511)
... Removed 36 stack frames]]>
    </failure>
  </testcase> <!-- verifyTheUserIsAbleToCreateAdminUserDetails -->
  <testcase classname="testscript.ManageContactTest" name="verifyTheUserIsAbleToUpadteManageContactPage" time="3.111">
    <failure type="org.openqa.selenium.ElementClickInterceptedException" message="element click intercepted: Element is not clickable at point (331, 663)
  (Session info: chrome=145.0.7632.160)
Build info: version: &amp;apos;4.38.0&amp;apos;, revision: &amp;apos;6b412e825c*&amp;apos;
System info: os.name: &amp;apos;Windows 11&amp;apos;, os.arch: &amp;apos;amd64&amp;apos;, os.version: &amp;apos;10.0&amp;apos;, java.version: &amp;apos;17.0.5&amp;apos;
Driver info: org.openqa.selenium.chrome.ChromeDriver
Command: [8940c7f028f4ce2b793addcebcb24df5, clickElement {id=f.F245D948D2AFC4869C058AFC22FB8A97.d.7E884858D662F73DA499FB8AF0E78125.e.50}]
Capabilities {acceptInsecureCerts: false, browserName: chrome, browserVersion: 145.0.7632.160, chrome: {chromedriverVersion: 145.0.7632.117 (de4e5d6e13b..., userDataDir: C:\Users\RACHANA\AppData\Lo...}, fedcm:accounts: true, goog:chromeOptions: {debuggerAddress: localhost:64816}, goog:processID: 7076, networkConnectionEnabled: false, pageLoadStrategy: normal, platformName: windows, proxy: Proxy(), se:cdp: ws://localhost:64816/devtoo..., se:cdpVersion: 145.0.7632.160, setWindowRect: true, strictFileInteractability: false, timeouts: {implicit: 0, pageLoad: 300000, script: 30000}, unhandledPromptBehavior: dismiss and notify, webauthn:extension:credBlob: true, webauthn:extension:largeBlob: true, webauthn:extension:minPinLength: true, webauthn:extension:prf: true, webauthn:virtualAuthenticators: true}
Element: [[ChromeDriver: chrome on windows (8940c7f028f4ce2b793addcebcb24df5)] -&amp;gt; xpath: //button[@type=&amp;apos;submit&amp;apos;]]
Session ID: 8940c7f028f4ce2b793addcebcb24df5">
      <![CDATA[org.openqa.selenium.ElementClickInterceptedException: element click intercepted: Element is not clickable at point (331, 663)
  (Session info: chrome=145.0.7632.160)
Build info: version: '4.38.0', revision: '6b412e825c*'
System info: os.name: 'Windows 11', os.arch: 'amd64', os.version: '10.0', java.version: '17.0.5'
Driver info: org.openqa.selenium.chrome.ChromeDriver
Command: [8940c7f028f4ce2b793addcebcb24df5, clickElement {id=f.F245D948D2AFC4869C058AFC22FB8A97.d.7E884858D662F73DA499FB8AF0E78125.e.50}]
Capabilities {acceptInsecureCerts: false, browserName: chrome, browserVersion: 145.0.7632.160, chrome: {chromedriverVersion: 145.0.7632.117 (de4e5d6e13b..., userDataDir: C:\Users\RACHANA\AppData\Lo...}, fedcm:accounts: true, goog:chromeOptions: {debuggerAddress: localhost:64816}, goog:processID: 7076, networkConnectionEnabled: false, pageLoadStrategy: normal, platformName: windows, proxy: Proxy(), se:cdp: ws://localhost:64816/devtoo..., se:cdpVersion: 145.0.7632.160, setWindowRect: true, strictFileInteractability: false, timeouts: {implicit: 0, pageLoad: 300000, script: 30000}, unhandledPromptBehavior: dismiss and notify, webauthn:extension:credBlob: true, webauthn:extension:largeBlob: true, webauthn:extension:minPinLength: true, webauthn:extension:prf: true, webauthn:virtualAuthenticators: true}
Element: [[ChromeDriver: chrome on windows (8940c7f028f4ce2b793addcebcb24df5)] -> xpath: //button[@type='submit']]
Session ID: 8940c7f028f4ce2b793addcebcb24df5
at org.openqa.selenium.remote.ErrorCodec.decode(ErrorCodec.java:167)
at org.openqa.selenium.remote.codec.w3c.W3CHttpResponseCodec.decode(W3CHttpResponseCodec.java:138)
at org.openqa.selenium.remote.codec.w3c.W3CHttpResponseCodec.decode(W3CHttpResponseCodec.java:50)
at org.openqa.selenium.remote.HttpCommandExecutor.execute(HttpCommandExecutor.java:215)
at org.openqa.selenium.remote.service.DriverCommandExecutor.invokeExecute(DriverCommandExecutor.java:216)
at org.openqa.selenium.remote.service.DriverCommandExecutor.execute(DriverCommandExecutor.java:174)
at org.openqa.selenium.remote.RemoteWebDriver.execute(RemoteWebDriver.java:557)
at org.openqa.selenium.remote.RemoteWebElement.execute(RemoteWebElement.java:223)
at org.openqa.selenium.remote.RemoteWebElement.click(RemoteWebElement.java:76)
at org.openqa.selenium.support.pagefactory.internal.LocatingElementHandler.invoke(LocatingElementHandler.java:51)
at jdk.proxy2/jdk.proxy2.$Proxy14.click(Unknown Source)
at pages.ManageContactPage.upadte(ManageContactPage.java:66)
at testscript.ManageContactTest.verifyTheUserIsAbleToUpadteManageContactPage(ManageContactTest.java:34)
at java.base/java.util.ArrayList.forEach(ArrayList.java:1511)
... Removed 35 stack frames]]>
    </failure>
  </testcase> <!-- verifyTheUserIsAbleToUpadteManageContactPage -->
  <testcase classname="testscript.ManageFooterTest" name="verifyTheUserIsAbleToUpadteManageFooter" time="2.638"/>
  <testcase classname="testscript.ManageNewsTest" name="verifyTheUserIsAbleToCreateNews" time="2.81"/>
</testsuite> <!-- Test -->
