<?xml version="1.0" encoding="UTF-8"?>
<testng-results ignored="4" total="8" passed="4" failed="0" skipped="0">
  <reporter-output>
  </reporter-output>
  <suite started-at="2026-03-26T11:25:46 GMT" name="Suite" finished-at="2026-03-26T11:26:04 GMT" duration-ms="17691">
    <groups>
      <group name="regression">
        <method signature="LoginTest.verifyTheUserIsAbleToLoginWithValidCredentials()[pri:1, instance:testscript.LoginTest@2d710f1a]" name="verifyTheUserIsAbleToLoginWithValidCredentials" class="testscript.LoginTest"/>
        <method signature="LoginTest.verifyTheUserIsAbleToLoginWithInvalidUserName()[pri:2, instance:testscript.LoginTest@2d710f1a]" name="verifyTheUserIsAbleToLoginWithInvalidUserName" class="testscript.LoginTest"/>
        <method signature="LoginTest.verifyTheUserIsAbleToLoginWithValidCredentials()[pri:1, instance:testscript.LoginTest@53045c6c]" name="verifyTheUserIsAbleToLoginWithValidCredentials" class="testscript.LoginTest"/>
        <method signature="LoginTest.verifyTheUserIsAbleToLoginWithInvalidUserName()[pri:2, instance:testscript.LoginTest@53045c6c]" name="verifyTheUserIsAbleToLoginWithInvalidUserName" class="testscript.LoginTest"/>
      </group> <!-- regression -->
    </groups>
    <test started-at="2026-03-26T11:25:46 GMT" name="ChromeTest" finished-at="2026-03-26T11:25:56 GMT" duration-ms="9611">
      <class name="testscript.LoginTest">
        <test-method is-config="true" signature="browserInitialization(java.lang.String)[pri:0, instance:testscript.LoginTest@2d710f1a]" started-at="2026-03-26T11:25:46 GMT" name="browserInitialization" finished-at="2026-03-26T11:25:50 GMT" duration-ms="3806" status="PASS">
          <params>
            <param index="0">
              <value>
                <![CDATA[chrome]]>
              </value>
            </param>
          </params>
          <reporter-output>
          </reporter-output>
        </test-method> <!-- browserInitialization -->
        <test-method signature="verifyTheUserIsAbleToLoginWithValidCredentials()[pri:1, instance:testscript.LoginTest@2d710f1a]" started-at="2026-03-26T11:25:50 GMT" name="verifyTheUserIsAbleToLoginWithValidCredentials" description="TestCase for checking valid login " finished-at="2026-03-26T11:25:52 GMT" duration-ms="1807" status="PASS">
          <reporter-output>
          </reporter-output>
        </test-method> <!-- verifyTheUserIsAbleToLoginWithValidCredentials -->
        <test-method is-config="true" signature="browserQuitAndClose(org.testng.ITestResult)[pri:0, instance:testscript.LoginTest@2d710f1a]" started-at="2026-03-26T11:25:52 GMT" name="browserQuitAndClose" finished-at="2026-03-26T11:25:52 GMT" duration-ms="147" status="PASS">
          <params>
            <param index="0">
              <value>
                <![CDATA[[TestResult name=verifyTheUserIsAbleToLoginWithValidCredentials status=SUCCESS method=LoginTest.verifyTheUserIsAbleToLoginWithValidCredentials()[pri:1, instance:testscript.LoginTest@2d710f1a] output={null}]]]>
              </value>
            </param>
          </params>
          <reporter-output>
          </reporter-output>
        </test-method> <!-- browserQuitAndClose -->
        <test-method is-config="true" signature="browserInitialization(java.lang.String)[pri:0, instance:testscript.LoginTest@2d710f1a]" started-at="2026-03-26T11:25:52 GMT" name="browserInitialization" finished-at="2026-03-26T11:25:55 GMT" duration-ms="2965" status="PASS">
          <params>
            <param index="0">
              <value>
                <![CDATA[chrome]]>
              </value>
            </param>
          </params>
          <reporter-output>
          </reporter-output>
        </test-method> <!-- browserInitialization -->
        <test-method signature="verifyTheUserIsAbleToLoginWithInvalidUserName()[pri:2, instance:testscript.LoginTest@2d710f1a]" started-at="2026-03-26T11:25:55 GMT" name="verifyTheUserIsAbleToLoginWithInvalidUserName" description="TestCase for checking invalid username login " finished-at="2026-03-26T11:25:56 GMT" duration-ms="694" status="PASS">
          <reporter-output>
          </reporter-output>
        </test-method> <!-- verifyTheUserIsAbleToLoginWithInvalidUserName -->
        <test-method is-config="true" signature="browserQuitAndClose(org.testng.ITestResult)[pri:0, instance:testscript.LoginTest@2d710f1a]" started-at="2026-03-26T11:25:56 GMT" name="browserQuitAndClose" finished-at="2026-03-26T11:25:56 GMT" duration-ms="137" status="PASS">
          <params>
            <param index="0">
              <value>
                <![CDATA[[TestResult name=verifyTheUserIsAbleToLoginWithInvalidUserName status=SUCCESS method=LoginTest.verifyTheUserIsAbleToLoginWithInvalidUserName()[pri:2, instance:testscript.LoginTest@2d710f1a] output={null}]]]>
              </value>
            </param>
          </params>
          <reporter-output>
          </reporter-output>
        </test-method> <!-- browserQuitAndClose -->
      </class> <!-- testscript.LoginTest -->
    </test> <!-- ChromeTest -->
    <test started-at="2026-03-26T11:25:56 GMT" name="EdgeTest" finished-at="2026-03-26T11:26:04 GMT" duration-ms="8062">
      <class name="testscript.LoginTest">
        <test-method is-config="true" signature="browserInitialization(java.lang.String)[pri:0, instance:testscript.LoginTest@53045c6c]" started-at="2026-03-26T11:25:56 GMT" name="browserInitialization" finished-at="2026-03-26T11:25:59 GMT" duration-ms="2968" status="PASS">
          <params>
            <param index="0">
              <value>
                <![CDATA[edge]]>
              </value>
            </param>
          </params>
          <reporter-output>
          </reporter-output>
        </test-method> <!-- browserInitialization -->
        <test-method signature="verifyTheUserIsAbleToLoginWithValidCredentials()[pri:1, instance:testscript.LoginTest@53045c6c]" started-at="2026-03-26T11:25:59 GMT" name="verifyTheUserIsAbleToLoginWithValidCredentials" description="TestCase for checking valid login " finished-at="2026-03-26T11:26:00 GMT" duration-ms="1086" status="PASS">
          <reporter-output>
          </reporter-output>
        </test-method> <!-- verifyTheUserIsAbleToLoginWithValidCredentials -->
        <test-method is-config="true" signature="browserQuitAndClose(org.testng.ITestResult)[pri:0, instance:testscript.LoginTest@53045c6c]" started-at="2026-03-26T11:26:00 GMT" name="browserQuitAndClose" finished-at="2026-03-26T11:26:00 GMT" duration-ms="189" status="PASS">
          <params>
            <param index="0">
              <value>
                <![CDATA[[TestResult name=verifyTheUserIsAbleToLoginWithValidCredentials status=SUCCESS method=LoginTest.verifyTheUserIsAbleToLoginWithValidCredentials()[pri:1, instance:testscript.LoginTest@53045c6c] output={null}]]]>
              </value>
            </param>
          </params>
          <reporter-output>
          </reporter-output>
        </test-method> <!-- browserQuitAndClose -->
        <test-method is-config="true" signature="browserInitialization(java.lang.String)[pri:0, instance:testscript.LoginTest@53045c6c]" started-at="2026-03-26T11:26:00 GMT" name="browserInitialization" finished-at="2026-03-26T11:26:03 GMT" duration-ms="2942" status="PASS">
          <params>
            <param index="0">
              <value>
                <![CDATA[edge]]>
              </value>
            </param>
          </params>
          <reporter-output>
          </reporter-output>
        </test-method> <!-- browserInitialization -->
        <test-method signature="verifyTheUserIsAbleToLoginWithInvalidUserName()[pri:2, instance:testscript.LoginTest@53045c6c]" started-at="2026-03-26T11:26:03 GMT" name="verifyTheUserIsAbleToLoginWithInvalidUserName" description="TestCase for checking invalid username login " finished-at="2026-03-26T11:26:04 GMT" duration-ms="689" status="PASS">
          <reporter-output>
          </reporter-output>
        </test-method> <!-- verifyTheUserIsAbleToLoginWithInvalidUserName -->
        <test-method is-config="true" signature="browserQuitAndClose(org.testng.ITestResult)[pri:0, instance:testscript.LoginTest@53045c6c]" started-at="2026-03-26T11:26:04 GMT" name="browserQuitAndClose" finished-at="2026-03-26T11:26:04 GMT" duration-ms="179" status="PASS">
          <params>
            <param index="0">
              <value>
                <![CDATA[[TestResult name=verifyTheUserIsAbleToLoginWithInvalidUserName status=SUCCESS method=LoginTest.verifyTheUserIsAbleToLoginWithInvalidUserName()[pri:2, instance:testscript.LoginTest@53045c6c] output={null}]]]>
              </value>
            </param>
          </params>
          <reporter-output>
          </reporter-output>
        </test-method> <!-- browserQuitAndClose -->
      </class> <!-- testscript.LoginTest -->
    </test> <!-- EdgeTest -->
  </suite> <!-- Suite -->
</testng-results>
